<?xml version="1.0" encoding="UTF-8"?>
<testng-results ignored="0" total="1" passed="1" failed="0" skipped="0">
  <reporter-output>
  </reporter-output>
  <suite started-at="2024-03-09T21:09:13 EST" name="Default suite" finished-at="2024-03-09T21:09:13 EST" duration-ms="107">
    <groups>
    </groups>
    <test started-at="2024-03-09T21:09:13 EST" name="Default test" finished-at="2024-03-09T21:09:13 EST" duration-ms="107">
      <class name="beregression.JavaTest51">
        <test-method signature="streamCollect()[pri:0, instance:beregression.JavaTest51@3ee37e5a]" started-at="2024-03-09T21:09:13 EST" name="streamCollect" finished-at="2024-03-09T21:09:13 EST" duration-ms="22" status="PASS">
          <reporter-output>
          </reporter-output>
        </test-method> <!-- streamCollect -->
      </class> <!-- beregression.JavaTest51 -->
    </test> <!-- Default test -->
  </suite> <!-- Default suite -->
</testng-results>
